\BOOKMARK [0][-]{chapter.1}{\376\377\0001\000\040\000I\000n\000d\000e\000x\000\040\000h\000i\000\351\000r\000a\000r\000c\000h\000i\000q\000u\000e}{}% 1
\BOOKMARK [1][-]{section.1.1}{\376\377\0001\000.\0001\000\040\000H\000i\000\351\000r\000a\000r\000c\000h\000i\000e\000\040\000d\000e\000s\000\040\000c\000l\000a\000s\000s\000e\000s}{chapter.1}% 2
\BOOKMARK [0][-]{chapter.2}{\376\377\0002\000\040\000I\000n\000d\000e\000x\000\040\000d\000e\000s\000\040\000c\000l\000a\000s\000s\000e\000s}{}% 3
\BOOKMARK [1][-]{section.2.1}{\376\377\0002\000.\0001\000\040\000L\000i\000s\000t\000e\000\040\000d\000e\000s\000\040\000c\000l\000a\000s\000s\000e\000s}{chapter.2}% 4
\BOOKMARK [0][-]{chapter.3}{\376\377\0003\000\040\000D\000o\000c\000u\000m\000e\000n\000t\000a\000t\000i\000o\000n\000\040\000d\000e\000s\000\040\000c\000l\000a\000s\000s\000e\000s}{}% 5
\BOOKMARK [1][-]{section.3.1}{\376\377\0003\000.\0001\000\040\000R\000\351\000f\000\351\000r\000e\000n\000c\000e\000\040\000d\000e\000\040\000l\000a\000\040\000c\000l\000a\000s\000s\000e\000\040\000A\000p\000p\000r\000e\000n\000t\000i\000s\000s\000a\000g\000e}{chapter.3}% 6
\BOOKMARK [2][-]{subsection.3.1.1}{\376\377\0003\000.\0001\000.\0001\000\040\000D\000e\000s\000c\000r\000i\000p\000t\000i\000o\000n\000\040\000d\000\351\000t\000a\000i\000l\000l\000\351\000e}{section.3.1}% 7
\BOOKMARK [2][-]{subsection.3.1.2}{\376\377\0003\000.\0001\000.\0002\000\040\000D\000o\000c\000u\000m\000e\000n\000t\000a\000t\000i\000o\000n\000\040\000d\000e\000s\000\040\000f\000o\000n\000c\000t\000i\000o\000n\000s\000\040\000m\000e\000m\000b\000r\000e\000s}{section.3.1}% 8
\BOOKMARK [3][-]{subsubsection.3.1.2.1}{\376\377\0003\000.\0001\000.\0002\000.\0001\000\040\000g\000e\000t\000D\000o\000n\000n\000e\000e\000s\000\050\000\051}{subsection.3.1.2}% 9
\BOOKMARK [3][-]{subsubsection.3.1.2.2}{\376\377\0003\000.\0001\000.\0002\000.\0002\000\040\000g\000e\000t\000E\000r\000r\000e\000u\000r\000\050\000\051}{subsection.3.1.2}% 10
\BOOKMARK [3][-]{subsubsection.3.1.2.3}{\376\377\0003\000.\0001\000.\0002\000.\0003\000\040\000g\000e\000t\000O\000p\000t\000i\000m\000i\000s\000a\000t\000e\000u\000r\000\050\000\051}{subsection.3.1.2}% 11
\BOOKMARK [3][-]{subsubsection.3.1.2.4}{\376\377\0003\000.\0001\000.\0002\000.\0004\000\040\000g\000e\000t\000P\000a\000r\000a\000m\000\050\000\051}{subsection.3.1.2}% 12
\BOOKMARK [3][-]{subsubsection.3.1.2.5}{\376\377\0003\000.\0001\000.\0002\000.\0005\000\040\000g\000e\000t\000R\000N\000\050\000\051}{subsection.3.1.2}% 13
\BOOKMARK [3][-]{subsubsection.3.1.2.6}{\376\377\0003\000.\0001\000.\0002\000.\0006\000\040\000s\000e\000t\000D\000o\000n\000n\000e\000e\000s\000\050\000\051}{subsection.3.1.2}% 14
\BOOKMARK [3][-]{subsubsection.3.1.2.7}{\376\377\0003\000.\0001\000.\0002\000.\0007\000\040\000s\000e\000t\000P\000a\000r\000a\000m\000\050\000\051}{subsection.3.1.2}% 15
\BOOKMARK [1][-]{section.3.2}{\376\377\0003\000.\0002\000\040\000R\000\351\000f\000\351\000r\000e\000n\000c\000e\000\040\000d\000e\000\040\000l\000a\000\040\000c\000l\000a\000s\000s\000e\000\040\000B\000o\000i\000t\000e}{chapter.3}% 16
\BOOKMARK [2][-]{subsection.3.2.1}{\376\377\0003\000.\0002\000.\0001\000\040\000D\000e\000s\000c\000r\000i\000p\000t\000i\000o\000n\000\040\000d\000\351\000t\000a\000i\000l\000l\000\351\000e}{section.3.2}% 17
\BOOKMARK [1][-]{section.3.3}{\376\377\0003\000.\0003\000\040\000R\000\351\000f\000\351\000r\000e\000n\000c\000e\000\040\000d\000e\000\040\000l\000a\000\040\000c\000l\000a\000s\000s\000e\000\040\000B\000o\000i\000t\000e\000A\000r\000c\000h\000i\000t\000e\000c\000t\000u\000r\000e}{chapter.3}% 18
\BOOKMARK [2][-]{subsection.3.3.1}{\376\377\0003\000.\0003\000.\0001\000\040\000D\000e\000s\000c\000r\000i\000p\000t\000i\000o\000n\000\040\000d\000\351\000t\000a\000i\000l\000l\000\351\000e}{section.3.3}% 19
\BOOKMARK [1][-]{section.3.4}{\376\377\0003\000.\0004\000\040\000R\000\351\000f\000\351\000r\000e\000n\000c\000e\000\040\000d\000e\000\040\000l\000a\000\040\000c\000l\000a\000s\000s\000e\000\040\000B\000o\000i\000t\000e\000C\000h\000o\000i\000x\000C\000o\000u\000c\000h\000e}{chapter.3}% 20
\BOOKMARK [2][-]{subsection.3.4.1}{\376\377\0003\000.\0004\000.\0001\000\040\000D\000e\000s\000c\000r\000i\000p\000t\000i\000o\000n\000\040\000d\000\351\000t\000a\000i\000l\000l\000\351\000e}{section.3.4}% 21
\BOOKMARK [1][-]{section.3.5}{\376\377\0003\000.\0005\000\040\000R\000\351\000f\000\351\000r\000e\000n\000c\000e\000\040\000d\000e\000\040\000l\000a\000\040\000c\000l\000a\000s\000s\000e\000\040\000B\000o\000i\000t\000e\000C\000h\000o\000i\000x\000D\000o\000n\000n\000e\000e\000s}{chapter.3}% 22
\BOOKMARK [2][-]{subsection.3.5.1}{\376\377\0003\000.\0005\000.\0001\000\040\000D\000e\000s\000c\000r\000i\000p\000t\000i\000o\000n\000\040\000d\000\351\000t\000a\000i\000l\000l\000\351\000e}{section.3.5}% 23
\BOOKMARK [1][-]{section.3.6}{\376\377\0003\000.\0006\000\040\000R\000\351\000f\000\351\000r\000e\000n\000c\000e\000\040\000d\000e\000\040\000l\000a\000\040\000c\000l\000a\000s\000s\000e\000\040\000B\000o\000i\000t\000e\000C\000h\000o\000i\000x\000D\000o\000n\000n\000\351\000e\000s}{chapter.3}% 24
\BOOKMARK [2][-]{subsection.3.6.1}{\376\377\0003\000.\0006\000.\0001\000\040\000D\000e\000s\000c\000r\000i\000p\000t\000i\000o\000n\000\040\000d\000\351\000t\000a\000i\000l\000l\000\351\000e}{section.3.6}% 25
\BOOKMARK [1][-]{section.3.7}{\376\377\0003\000.\0007\000\040\000R\000\351\000f\000\351\000r\000e\000n\000c\000e\000\040\000d\000e\000\040\000l\000a\000\040\000c\000l\000a\000s\000s\000e\000\040\000B\000o\000i\000t\000e\000C\000h\000o\000i\000x\000E\000r\000r\000e\000u\000r}{chapter.3}% 26
\BOOKMARK [2][-]{subsection.3.7.1}{\376\377\0003\000.\0007\000.\0001\000\040\000D\000e\000s\000c\000r\000i\000p\000t\000i\000o\000n\000\040\000d\000\351\000t\000a\000i\000l\000l\000\351\000e}{section.3.7}% 27
\BOOKMARK [1][-]{section.3.8}{\376\377\0003\000.\0008\000\040\000R\000\351\000f\000\351\000r\000e\000n\000c\000e\000\040\000d\000e\000\040\000l\000a\000\040\000c\000l\000a\000s\000s\000e\000\040\000B\000o\000i\000t\000e\000C\000h\000o\000i\000x\000F\000i\000c\000h\000i\000e\000r}{chapter.3}% 28
\BOOKMARK [2][-]{subsection.3.8.1}{\376\377\0003\000.\0008\000.\0001\000\040\000D\000e\000s\000c\000r\000i\000p\000t\000i\000o\000n\000\040\000d\000\351\000t\000a\000i\000l\000l\000\351\000e}{section.3.8}% 29
\BOOKMARK [2][-]{subsection.3.8.2}{\376\377\0003\000.\0008\000.\0002\000\040\000D\000o\000c\000u\000m\000e\000n\000t\000a\000t\000i\000o\000n\000\040\000d\000e\000s\000\040\000c\000o\000n\000s\000t\000r\000u\000c\000t\000e\000u\000r\000s\000\040\000e\000t\000\040\000d\000e\000s\000t\000r\000u\000c\000t\000e\000u\000r}{section.3.8}% 30
\BOOKMARK [3][-]{subsubsection.3.8.2.1}{\376\377\0003\000.\0008\000.\0002\000.\0001\000\040\000B\000o\000i\000t\000e\000C\000h\000o\000i\000x\000F\000i\000c\000h\000i\000e\000r\000\050\000\051}{subsection.3.8.2}% 31
\BOOKMARK [2][-]{subsection.3.8.3}{\376\377\0003\000.\0008\000.\0003\000\040\000D\000o\000c\000u\000m\000e\000n\000t\000a\000t\000i\000o\000n\000\040\000d\000e\000s\000\040\000f\000o\000n\000c\000t\000i\000o\000n\000s\000\040\000m\000e\000m\000b\000r\000e\000s}{section.3.8}% 32
\BOOKMARK [3][-]{subsubsection.3.8.3.1}{\376\377\0003\000.\0008\000.\0003\000.\0001\000\040\000g\000e\000t\000N\000o\000m\000F\000i\000c\000h\000i\000e\000r\000\050\000\051}{subsection.3.8.3}% 33
\BOOKMARK [1][-]{section.3.9}{\376\377\0003\000.\0009\000\040\000R\000\351\000f\000\351\000r\000e\000n\000c\000e\000\040\000d\000e\000\040\000l\000a\000\040\000c\000l\000a\000s\000s\000e\000\040\000B\000o\000i\000t\000e\000C\000h\000o\000i\000x\000M\000u\000l\000t\000i\000p\000l\000e}{chapter.3}% 34
\BOOKMARK [2][-]{subsection.3.9.1}{\376\377\0003\000.\0009\000.\0001\000\040\000D\000e\000s\000c\000r\000i\000p\000t\000i\000o\000n\000\040\000d\000\351\000t\000a\000i\000l\000l\000\351\000e}{section.3.9}% 35
\BOOKMARK [2][-]{subsection.3.9.2}{\376\377\0003\000.\0009\000.\0002\000\040\000D\000o\000c\000u\000m\000e\000n\000t\000a\000t\000i\000o\000n\000\040\000d\000e\000s\000\040\000c\000o\000n\000s\000t\000r\000u\000c\000t\000e\000u\000r\000s\000\040\000e\000t\000\040\000d\000e\000s\000t\000r\000u\000c\000t\000e\000u\000r}{section.3.9}% 36
\BOOKMARK [3][-]{subsubsection.3.9.2.1}{\376\377\0003\000.\0009\000.\0002\000.\0001\000\040\000B\000o\000i\000t\000e\000C\000h\000o\000i\000x\000M\000u\000l\000t\000i\000p\000l\000e\000\050\000\051}{subsection.3.9.2}% 37
\BOOKMARK [2][-]{subsection.3.9.3}{\376\377\0003\000.\0009\000.\0003\000\040\000D\000o\000c\000u\000m\000e\000n\000t\000a\000t\000i\000o\000n\000\040\000d\000e\000s\000\040\000f\000o\000n\000c\000t\000i\000o\000n\000s\000\040\000m\000e\000m\000b\000r\000e\000s}{section.3.9}% 38
\BOOKMARK [3][-]{subsubsection.3.9.3.1}{\376\377\0003\000.\0009\000.\0003\000.\0001\000\040\000a\000j\000o\000u\000t\000e\000r\000C\000h\000o\000i\000x\000\050\000\051\000\040\000[\0001\000/\0002\000]}{subsection.3.9.3}% 39
\BOOKMARK [3][-]{subsubsection.3.9.3.2}{\376\377\0003\000.\0009\000.\0003\000.\0002\000\040\000a\000j\000o\000u\000t\000e\000r\000C\000h\000o\000i\000x\000\050\000\051\000\040\000[\0002\000/\0002\000]}{subsection.3.9.3}% 40
\BOOKMARK [3][-]{subsubsection.3.9.3.3}{\376\377\0003\000.\0009\000.\0003\000.\0003\000\040\000g\000e\000t\000V\000a\000l\000e\000u\000r\000S\000e\000c\000t\000i\000o\000n\000n\000e\000e\000\050\000\051}{subsection.3.9.3}% 41
\BOOKMARK [3][-]{subsubsection.3.9.3.4}{\376\377\0003\000.\0009\000.\0003\000.\0004\000\040\000s\000u\000p\000p\000r\000i\000m\000e\000r\000C\000h\000o\000i\000x\000\050\000\051}{subsection.3.9.3}% 42
\BOOKMARK [1][-]{section.3.10}{\376\377\0003\000.\0001\0000\000\040\000R\000\351\000f\000\351\000r\000e\000n\000c\000e\000\040\000d\000e\000\040\000l\000a\000\040\000c\000l\000a\000s\000s\000e\000\040\000B\000o\000i\000t\000e\000C\000h\000o\000i\000x\000R\000e\000s\000e\000a\000u\000N\000e\000u\000r\000o\000n\000e\000s}{chapter.3}% 43
\BOOKMARK [2][-]{subsection.3.10.1}{\376\377\0003\000.\0001\0000\000.\0001\000\040\000D\000e\000s\000c\000r\000i\000p\000t\000i\000o\000n\000\040\000d\000\351\000t\000a\000i\000l\000l\000\351\000e}{section.3.10}% 44
\BOOKMARK [1][-]{section.3.11}{\376\377\0003\000.\0001\0001\000\040\000R\000\351\000f\000\351\000r\000e\000n\000c\000e\000\040\000d\000e\000\040\000l\000a\000\040\000c\000l\000a\000s\000s\000e\000\040\000B\000o\000i\000t\000e\000C\000o\000n\000n\000e\000x\000i\000o\000n\000C\000o\000u\000c\000h\000e}{chapter.3}% 45
\BOOKMARK [2][-]{subsection.3.11.1}{\376\377\0003\000.\0001\0001\000.\0001\000\040\000D\000e\000s\000c\000r\000i\000p\000t\000i\000o\000n\000\040\000d\000\351\000t\000a\000i\000l\000l\000\351\000e}{section.3.11}% 46
\BOOKMARK [2][-]{subsection.3.11.2}{\376\377\0003\000.\0001\0001\000.\0002\000\040\000D\000o\000c\000u\000m\000e\000n\000t\000a\000t\000i\000o\000n\000\040\000d\000e\000s\000\040\000c\000o\000n\000s\000t\000r\000u\000c\000t\000e\000u\000r\000s\000\040\000e\000t\000\040\000d\000e\000s\000t\000r\000u\000c\000t\000e\000u\000r}{section.3.11}% 47
\BOOKMARK [3][-]{subsubsection.3.11.2.1}{\376\377\0003\000.\0001\0001\000.\0002\000.\0001\000\040\000B\000o\000i\000t\000e\000C\000o\000n\000n\000e\000x\000i\000o\000n\000C\000o\000u\000c\000h\000e\000\050\000\051}{subsection.3.11.2}% 48
\BOOKMARK [2][-]{subsection.3.11.3}{\376\377\0003\000.\0001\0001\000.\0003\000\040\000D\000o\000c\000u\000m\000e\000n\000t\000a\000t\000i\000o\000n\000\040\000d\000e\000s\000\040\000f\000o\000n\000c\000t\000i\000o\000n\000s\000\040\000m\000e\000m\000b\000r\000e\000s}{section.3.11}% 49
\BOOKMARK [3][-]{subsubsection.3.11.3.1}{\376\377\0003\000.\0001\0001\000.\0003\000.\0001\000\040\000g\000e\000t\000C\000o\000u\000c\000h\000e\000F\000i\000n\000a\000l\000e\000\050\000\051}{subsection.3.11.3}% 50
\BOOKMARK [3][-]{subsubsection.3.11.3.2}{\376\377\0003\000.\0001\0001\000.\0003\000.\0002\000\040\000g\000e\000t\000C\000o\000u\000c\000h\000e\000I\000n\000i\000t\000i\000a\000l\000e\000\050\000\051}{subsection.3.11.3}% 51
\BOOKMARK [3][-]{subsubsection.3.11.3.3}{\376\377\0003\000.\0001\0001\000.\0003\000.\0003\000\040\000s\000e\000t\000C\000o\000u\000c\000h\000e\000F\000i\000n\000a\000l\000e\000\050\000\051}{subsection.3.11.3}% 52
\BOOKMARK [3][-]{subsubsection.3.11.3.4}{\376\377\0003\000.\0001\0001\000.\0003\000.\0004\000\040\000s\000e\000t\000C\000o\000u\000c\000h\000e\000I\000n\000i\000t\000i\000a\000l\000e\000\050\000\051}{subsection.3.11.3}% 53
\BOOKMARK [1][-]{section.3.12}{\376\377\0003\000.\0001\0002\000\040\000R\000\351\000f\000\351\000r\000e\000n\000c\000e\000\040\000d\000e\000\040\000l\000a\000\040\000c\000l\000a\000s\000s\000e\000\040\000B\000o\000i\000t\000e\000P\000a\000r\000a\000m\000e\000t\000r\000a\000g\000e}{chapter.3}% 54
\BOOKMARK [2][-]{subsection.3.12.1}{\376\377\0003\000.\0001\0002\000.\0001\000\040\000D\000e\000s\000c\000r\000i\000p\000t\000i\000o\000n\000\040\000d\000\351\000t\000a\000i\000l\000l\000\351\000e}{section.3.12}% 55
\BOOKMARK [2][-]{subsection.3.12.2}{\376\377\0003\000.\0001\0002\000.\0002\000\040\000D\000o\000c\000u\000m\000e\000n\000t\000a\000t\000i\000o\000n\000\040\000d\000e\000s\000\040\000c\000o\000n\000s\000t\000r\000u\000c\000t\000e\000u\000r\000s\000\040\000e\000t\000\040\000d\000e\000s\000t\000r\000u\000c\000t\000e\000u\000r}{section.3.12}% 56
\BOOKMARK [3][-]{subsubsection.3.12.2.1}{\376\377\0003\000.\0001\0002\000.\0002\000.\0001\000\040\000B\000o\000i\000t\000e\000P\000a\000r\000a\000m\000e\000t\000r\000a\000g\000e\000\050\000\051}{subsection.3.12.2}% 57
\BOOKMARK [2][-]{subsection.3.12.3}{\376\377\0003\000.\0001\0002\000.\0003\000\040\000D\000o\000c\000u\000m\000e\000n\000t\000a\000t\000i\000o\000n\000\040\000d\000e\000s\000\040\000f\000o\000n\000c\000t\000i\000o\000n\000s\000\040\000m\000e\000m\000b\000r\000e\000s}{section.3.12}% 58
\BOOKMARK [3][-]{subsubsection.3.12.3.1}{\376\377\0003\000.\0001\0002\000.\0003\000.\0001\000\040\000g\000e\000t\000P\000a\000r\000a\000m\000e\000t\000r\000a\000g\000e\000\050\000\051}{subsection.3.12.3}% 59
\BOOKMARK [1][-]{section.3.13}{\376\377\0003\000.\0001\0003\000\040\000R\000\351\000f\000\351\000r\000e\000n\000c\000e\000\040\000d\000e\000\040\000l\000a\000\040\000c\000l\000a\000s\000s\000e\000\040\000C\000o\000u\000c\000h\000e}{chapter.3}% 60
\BOOKMARK [2][-]{subsection.3.13.1}{\376\377\0003\000.\0001\0003\000.\0001\000\040\000D\000e\000s\000c\000r\000i\000p\000t\000i\000o\000n\000\040\000d\000\351\000t\000a\000i\000l\000l\000\351\000e}{section.3.13}% 61
\BOOKMARK [2][-]{subsection.3.13.2}{\376\377\0003\000.\0001\0003\000.\0002\000\040\000D\000o\000c\000u\000m\000e\000n\000t\000a\000t\000i\000o\000n\000\040\000d\000e\000s\000\040\000f\000o\000n\000c\000t\000i\000o\000n\000s\000\040\000m\000e\000m\000b\000r\000e\000s}{section.3.13}% 62
\BOOKMARK [3][-]{subsubsection.3.13.2.1}{\376\377\0003\000.\0001\0003\000.\0002\000.\0001\000\040\000a\000f\000f\000i\000c\000h\000e\000r\000\050\000\051}{subsection.3.13.2}% 63
\BOOKMARK [3][-]{subsubsection.3.13.2.2}{\376\377\0003\000.\0001\0003\000.\0002\000.\0002\000\040\000d\000e\000r\000i\000v\000e\000e\000\050\000\051}{subsection.3.13.2}% 64
\BOOKMARK [3][-]{subsubsection.3.13.2.3}{\376\377\0003\000.\0001\0003\000.\0002\000.\0003\000\040\000g\000e\000t\000D\000i\000m\000I\000n\000p\000u\000t\000\050\000\051}{subsection.3.13.2}% 65
\BOOKMARK [3][-]{subsubsection.3.13.2.4}{\376\377\0003\000.\0001\0003\000.\0002\000.\0004\000\040\000g\000e\000t\000D\000i\000m\000O\000u\000t\000p\000u\000t\000\050\000\051}{subsection.3.13.2}% 66
\BOOKMARK [3][-]{subsubsection.3.13.2.5}{\376\377\0003\000.\0001\0003\000.\0002\000.\0005\000\040\000g\000e\000t\000N\000o\000m\000\050\000\051}{subsection.3.13.2}% 67
\BOOKMARK [3][-]{subsubsection.3.13.2.6}{\376\377\0003\000.\0001\0003\000.\0002\000.\0006\000\040\000p\000r\000o\000p\000a\000g\000a\000t\000i\000o\000n\000\050\000\051}{subsection.3.13.2}% 68
\BOOKMARK [3][-]{subsubsection.3.13.2.7}{\376\377\0003\000.\0001\0003\000.\0002\000.\0007\000\040\000s\000e\000t\000D\000i\000m\000I\000n\000p\000u\000t\000\050\000\051}{subsection.3.13.2}% 69
\BOOKMARK [3][-]{subsubsection.3.13.2.8}{\376\377\0003\000.\0001\0003\000.\0002\000.\0008\000\040\000s\000e\000t\000D\000i\000m\000O\000u\000t\000p\000u\000t\000\050\000\051}{subsection.3.13.2}% 70
\BOOKMARK [1][-]{section.3.14}{\376\377\0003\000.\0001\0004\000\040\000R\000\351\000f\000\351\000r\000e\000n\000c\000e\000\040\000d\000e\000\040\000l\000a\000\040\000c\000l\000a\000s\000s\000e\000\040\000C\000o\000u\000c\000h\000e\000A\000c\000t\000i\000v\000a\000t\000i\000o\000n}{chapter.3}% 71
\BOOKMARK [2][-]{subsection.3.14.1}{\376\377\0003\000.\0001\0004\000.\0001\000\040\000D\000e\000s\000c\000r\000i\000p\000t\000i\000o\000n\000\040\000d\000\351\000t\000a\000i\000l\000l\000\351\000e}{section.3.14}% 72
\BOOKMARK [1][-]{section.3.15}{\376\377\0003\000.\0001\0005\000\040\000R\000\351\000f\000\351\000r\000e\000n\000c\000e\000\040\000d\000e\000\040\000l\000a\000\040\000c\000l\000a\000s\000s\000e\000\040\000C\000o\000u\000c\000h\000e\000C\000o\000m\000b\000i\000n\000a\000i\000s\000o\000n}{chapter.3}% 73
\BOOKMARK [2][-]{subsection.3.15.1}{\376\377\0003\000.\0001\0005\000.\0001\000\040\000D\000e\000s\000c\000r\000i\000p\000t\000i\000o\000n\000\040\000d\000\351\000t\000a\000i\000l\000l\000\351\000e}{section.3.15}% 74
\BOOKMARK [2][-]{subsection.3.15.2}{\376\377\0003\000.\0001\0005\000.\0002\000\040\000D\000o\000c\000u\000m\000e\000n\000t\000a\000t\000i\000o\000n\000\040\000d\000e\000s\000\040\000f\000o\000n\000c\000t\000i\000o\000n\000s\000\040\000m\000e\000m\000b\000r\000e\000s}{section.3.15}% 75
\BOOKMARK [3][-]{subsubsection.3.15.2.1}{\376\377\0003\000.\0001\0005\000.\0002\000.\0001\000\040\000g\000e\000t\000P\000a\000r\000a\000m\000s\000\050\000\051}{subsection.3.15.2}% 76
\BOOKMARK [1][-]{section.3.16}{\376\377\0003\000.\0001\0006\000\040\000R\000\351\000f\000\351\000r\000e\000n\000c\000e\000\040\000d\000e\000\040\000l\000a\000\040\000c\000l\000a\000s\000s\000e\000\040\000C\000o\000u\000c\000h\000e\000C\000o\000n\000n\000e\000c\000t\000e\000e}{chapter.3}% 77
\BOOKMARK [2][-]{subsection.3.16.1}{\376\377\0003\000.\0001\0006\000.\0001\000\040\000D\000e\000s\000c\000r\000i\000p\000t\000i\000o\000n\000\040\000d\000\351\000t\000a\000i\000l\000l\000\351\000e}{section.3.16}% 78
\BOOKMARK [2][-]{subsection.3.16.2}{\376\377\0003\000.\0001\0006\000.\0002\000\040\000D\000o\000c\000u\000m\000e\000n\000t\000a\000t\000i\000o\000n\000\040\000d\000e\000s\000\040\000f\000o\000n\000c\000t\000i\000o\000n\000s\000\040\000m\000e\000m\000b\000r\000e\000s}{section.3.16}% 79
\BOOKMARK [3][-]{subsubsection.3.16.2.1}{\376\377\0003\000.\0001\0006\000.\0002\000.\0001\000\040\000p\000r\000o\000p\000a\000g\000a\000t\000i\000o\000n\000\050\000\051}{subsection.3.16.2}% 80
\BOOKMARK [1][-]{section.3.17}{\376\377\0003\000.\0001\0007\000\040\000R\000\351\000f\000\351\000r\000e\000n\000c\000e\000\040\000d\000e\000\040\000l\000a\000\040\000c\000l\000a\000s\000s\000e\000\040\000C\000o\000u\000c\000h\000e\000C\000o\000n\000n\000e\000c\000t\000\351\000e}{chapter.3}% 81
\BOOKMARK [2][-]{subsection.3.17.1}{\376\377\0003\000.\0001\0007\000.\0001\000\040\000D\000e\000s\000c\000r\000i\000p\000t\000i\000o\000n\000\040\000d\000\351\000t\000a\000i\000l\000l\000\351\000e}{section.3.17}% 82
\BOOKMARK [1][-]{section.3.18}{\376\377\0003\000.\0001\0008\000\040\000R\000\351\000f\000\351\000r\000e\000n\000c\000e\000\040\000d\000e\000\040\000l\000a\000\040\000c\000l\000a\000s\000s\000e\000\040\000C\000o\000u\000c\000h\000e\000C\000o\000n\000v\000o\000l\000u\000t\000i\000v\000e}{chapter.3}% 83
\BOOKMARK [2][-]{subsection.3.18.1}{\376\377\0003\000.\0001\0008\000.\0001\000\040\000D\000e\000s\000c\000r\000i\000p\000t\000i\000o\000n\000\040\000d\000\351\000t\000a\000i\000l\000l\000\351\000e}{section.3.18}% 84
\BOOKMARK [2][-]{subsection.3.18.2}{\376\377\0003\000.\0001\0008\000.\0002\000\040\000D\000o\000c\000u\000m\000e\000n\000t\000a\000t\000i\000o\000n\000\040\000d\000e\000s\000\040\000c\000o\000n\000s\000t\000r\000u\000c\000t\000e\000u\000r\000s\000\040\000e\000t\000\040\000d\000e\000s\000t\000r\000u\000c\000t\000e\000u\000r}{section.3.18}% 85
\BOOKMARK [3][-]{subsubsection.3.18.2.1}{\376\377\0003\000.\0001\0008\000.\0002\000.\0001\000\040\000C\000o\000u\000c\000h\000e\000C\000o\000n\000v\000o\000l\000u\000t\000i\000v\000e\000\050\000\051}{subsection.3.18.2}% 86
\BOOKMARK [2][-]{subsection.3.18.3}{\376\377\0003\000.\0001\0008\000.\0003\000\040\000D\000o\000c\000u\000m\000e\000n\000t\000a\000t\000i\000o\000n\000\040\000d\000e\000s\000\040\000f\000o\000n\000c\000t\000i\000o\000n\000s\000\040\000m\000e\000m\000b\000r\000e\000s}{section.3.18}% 87
\BOOKMARK [3][-]{subsubsection.3.18.3.1}{\376\377\0003\000.\0001\0008\000.\0003\000.\0001\000\040\000p\000r\000o\000p\000a\000g\000a\000t\000i\000o\000n\000\050\000\051}{subsection.3.18.3}% 88
\BOOKMARK [3][-]{subsubsection.3.18.3.2}{\376\377\0003\000.\0001\0008\000.\0003\000.\0002\000\040\000s\000e\000t\000P\000a\000r\000a\000m\000s\000\050\000\051}{subsection.3.18.3}% 89
\BOOKMARK [1][-]{section.3.19}{\376\377\0003\000.\0001\0009\000\040\000R\000\351\000f\000\351\000r\000e\000n\000c\000e\000\040\000d\000e\000\040\000l\000a\000\040\000c\000l\000a\000s\000s\000e\000\040\000D\000i\000m\000T\000e\000n\000s\000e\000u\000r}{chapter.3}% 90
\BOOKMARK [2][-]{subsection.3.19.1}{\376\377\0003\000.\0001\0009\000.\0001\000\040\000D\000e\000s\000c\000r\000i\000p\000t\000i\000o\000n\000\040\000d\000\351\000t\000a\000i\000l\000l\000\351\000e}{section.3.19}% 91
\BOOKMARK [2][-]{subsection.3.19.2}{\376\377\0003\000.\0001\0009\000.\0002\000\040\000D\000o\000c\000u\000m\000e\000n\000t\000a\000t\000i\000o\000n\000\040\000d\000e\000s\000\040\000f\000o\000n\000c\000t\000i\000o\000n\000s\000\040\000m\000e\000m\000b\000r\000e\000s}{section.3.19}% 92
\BOOKMARK [3][-]{subsubsection.3.19.2.1}{\376\377\0003\000.\0001\0009\000.\0002\000.\0001\000\040\000g\000e\000t\000D\000i\000m\000\050\000\051}{subsection.3.19.2}% 93
\BOOKMARK [3][-]{subsubsection.3.19.2.2}{\376\377\0003\000.\0001\0009\000.\0002\000.\0002\000\040\000g\000e\000t\000O\000r\000d\000r\000e\000\050\000\051}{subsection.3.19.2}% 94
\BOOKMARK [1][-]{section.3.20}{\376\377\0003\000.\0002\0000\000\040\000R\000\351\000f\000\351\000r\000e\000n\000c\000e\000\040\000d\000e\000\040\000l\000a\000\040\000c\000l\000a\000s\000s\000e\000\040\000D\000o\000n\000n\000e\000e}{chapter.3}% 95
\BOOKMARK [2][-]{subsection.3.20.1}{\376\377\0003\000.\0002\0000\000.\0001\000\040\000D\000e\000s\000c\000r\000i\000p\000t\000i\000o\000n\000\040\000d\000\351\000t\000a\000i\000l\000l\000\351\000e}{section.3.20}% 96
\BOOKMARK [2][-]{subsection.3.20.2}{\376\377\0003\000.\0002\0000\000.\0002\000\040\000D\000o\000c\000u\000m\000e\000n\000t\000a\000t\000i\000o\000n\000\040\000d\000e\000s\000\040\000f\000o\000n\000c\000t\000i\000o\000n\000s\000\040\000m\000e\000m\000b\000r\000e\000s}{section.3.20}% 97
\BOOKMARK [3][-]{subsubsection.3.20.2.1}{\376\377\0003\000.\0002\0000\000.\0002\000.\0001\000\040\000g\000e\000t\000E\000n\000t\000r\000e\000e\000\050\000\051}{subsection.3.20.2}% 98
\BOOKMARK [3][-]{subsubsection.3.20.2.2}{\376\377\0003\000.\0002\0000\000.\0002\000.\0002\000\040\000g\000e\000t\000S\000o\000r\000t\000i\000e\000\050\000\051}{subsection.3.20.2}% 99
\BOOKMARK [3][-]{subsubsection.3.20.2.3}{\376\377\0003\000.\0002\0000\000.\0002\000.\0003\000\040\000s\000e\000t\000E\000n\000t\000r\000e\000e\000\050\000\051}{subsection.3.20.2}% 100
\BOOKMARK [3][-]{subsubsection.3.20.2.4}{\376\377\0003\000.\0002\0000\000.\0002\000.\0004\000\040\000s\000e\000t\000S\000o\000r\000t\000i\000e\000\050\000\051}{subsection.3.20.2}% 101
\BOOKMARK [1][-]{section.3.21}{\376\377\0003\000.\0002\0001\000\040\000R\000\351\000f\000\351\000r\000e\000n\000c\000e\000\040\000d\000e\000\040\000l\000a\000\040\000c\000l\000a\000s\000s\000e\000\040\000D\000o\000n\000n\000e\000e\000s}{chapter.3}% 102
\BOOKMARK [2][-]{subsection.3.21.1}{\376\377\0003\000.\0002\0001\000.\0001\000\040\000D\000e\000s\000c\000r\000i\000p\000t\000i\000o\000n\000\040\000d\000\351\000t\000a\000i\000l\000l\000\351\000e}{section.3.21}% 103
\BOOKMARK [2][-]{subsection.3.21.2}{\376\377\0003\000.\0002\0001\000.\0002\000\040\000D\000o\000c\000u\000m\000e\000n\000t\000a\000t\000i\000o\000n\000\040\000d\000e\000s\000\040\000f\000o\000n\000c\000t\000i\000o\000n\000s\000\040\000m\000e\000m\000b\000r\000e\000s}{section.3.21}% 104
\BOOKMARK [3][-]{subsubsection.3.21.2.1}{\376\377\0003\000.\0002\0001\000.\0002\000.\0001\000\040\000a\000j\000o\000u\000t\000e\000r\000D\000o\000n\000n\000e\000e\000\050\000\051}{subsection.3.21.2}% 105
\BOOKMARK [3][-]{subsubsection.3.21.2.2}{\376\377\0003\000.\0002\0001\000.\0002\000.\0002\000\040\000a\000j\000o\000u\000t\000e\000r\000D\000o\000n\000n\000e\000e\000s\000\050\000\051}{subsection.3.21.2}% 106
\BOOKMARK [3][-]{subsubsection.3.21.2.3}{\376\377\0003\000.\0002\0001\000.\0002\000.\0003\000\040\000g\000e\000t\000D\000o\000n\000n\000e\000e\000\050\000\051}{subsection.3.21.2}% 107
\BOOKMARK [3][-]{subsubsection.3.21.2.4}{\376\377\0003\000.\0002\0001\000.\0002\000.\0004\000\040\000g\000e\000t\000D\000o\000n\000n\000e\000e\000s\000\050\000\051}{subsection.3.21.2}% 108
\BOOKMARK [3][-]{subsubsection.3.21.2.5}{\376\377\0003\000.\0002\0001\000.\0002\000.\0005\000\040\000g\000e\000t\000N\000b\000D\000o\000n\000n\000e\000e\000s\000\050\000\051}{subsection.3.21.2}% 109
\BOOKMARK [1][-]{section.3.22}{\376\377\0003\000.\0002\0002\000\040\000R\000\351\000f\000\351\000r\000e\000n\000c\000e\000\040\000d\000e\000\040\000l\000a\000\040\000c\000l\000a\000s\000s\000e\000\040\000E\000r\000r\000e\000u\000r}{chapter.3}% 110
\BOOKMARK [2][-]{subsection.3.22.1}{\376\377\0003\000.\0002\0002\000.\0001\000\040\000D\000e\000s\000c\000r\000i\000p\000t\000i\000o\000n\000\040\000d\000\351\000t\000a\000i\000l\000l\000\351\000e}{section.3.22}% 111
\BOOKMARK [2][-]{subsection.3.22.2}{\376\377\0003\000.\0002\0002\000.\0002\000\040\000D\000o\000c\000u\000m\000e\000n\000t\000a\000t\000i\000o\000n\000\040\000d\000e\000s\000\040\000f\000o\000n\000c\000t\000i\000o\000n\000s\000\040\000m\000e\000m\000b\000r\000e\000s}{section.3.22}% 112
\BOOKMARK [3][-]{subsubsection.3.22.2.1}{\376\377\0003\000.\0002\0002\000.\0002\000.\0001\000\040\000d\000e\000r\000i\000v\000e\000e\000\050\000\051}{subsection.3.22.2}% 113
\BOOKMARK [3][-]{subsubsection.3.22.2.2}{\376\377\0003\000.\0002\0002\000.\0002\000.\0002\000\040\000e\000v\000a\000l\000\050\000\051}{subsection.3.22.2}% 114
\BOOKMARK [1][-]{section.3.23}{\376\377\0003\000.\0002\0003\000\040\000R\000\351\000f\000\351\000r\000e\000n\000c\000e\000\040\000d\000e\000\040\000l\000a\000\040\000c\000l\000a\000s\000s\000e\000\040\000E\000r\000r\000e\000u\000r\000E\000n\000t\000r\000o\000p\000i\000e\000C\000r\000o\000i\000s\000e\000e}{chapter.3}% 115
\BOOKMARK [2][-]{subsection.3.23.1}{\376\377\0003\000.\0002\0003\000.\0001\000\040\000D\000e\000s\000c\000r\000i\000p\000t\000i\000o\000n\000\040\000d\000\351\000t\000a\000i\000l\000l\000\351\000e}{section.3.23}% 116
\BOOKMARK [1][-]{section.3.24}{\376\377\0003\000.\0002\0004\000\040\000R\000\351\000f\000\351\000r\000e\000n\000c\000e\000\040\000d\000e\000\040\000l\000a\000\040\000c\000l\000a\000s\000s\000e\000\040\000E\000r\000r\000e\000u\000r\000L\0001}{chapter.3}% 117
\BOOKMARK [2][-]{subsection.3.24.1}{\376\377\0003\000.\0002\0004\000.\0001\000\040\000D\000e\000s\000c\000r\000i\000p\000t\000i\000o\000n\000\040\000d\000\351\000t\000a\000i\000l\000l\000\351\000e}{section.3.24}% 118
\BOOKMARK [1][-]{section.3.25}{\376\377\0003\000.\0002\0005\000\040\000R\000\351\000f\000\351\000r\000e\000n\000c\000e\000\040\000d\000e\000\040\000l\000a\000\040\000c\000l\000a\000s\000s\000e\000\040\000E\000r\000r\000e\000u\000r\000Q\000u\000a\000d\000r\000a\000t\000i\000q\000u\000e}{chapter.3}% 119
\BOOKMARK [2][-]{subsection.3.25.1}{\376\377\0003\000.\0002\0005\000.\0001\000\040\000D\000e\000s\000c\000r\000i\000p\000t\000i\000o\000n\000\040\000d\000\351\000t\000a\000i\000l\000l\000\351\000e}{section.3.25}% 120
\BOOKMARK [1][-]{section.3.26}{\376\377\0003\000.\0002\0006\000\040\000R\000\351\000f\000\351\000r\000e\000n\000c\000e\000\040\000d\000u\000\040\000m\000o\000d\000\350\000l\000e\000\040\000d\000e\000\040\000l\000a\000\040\000c\000l\000a\000s\000s\000e\000\040\000G\000r\000a\000p\000h\000e\000<\000\040\000T\000y\000p\000e\000\040\000>}{chapter.3}% 121
\BOOKMARK [2][-]{subsection.3.26.1}{\376\377\0003\000.\0002\0006\000.\0001\000\040\000D\000e\000s\000c\000r\000i\000p\000t\000i\000o\000n\000\040\000d\000\351\000t\000a\000i\000l\000l\000\351\000e}{section.3.26}% 122
\BOOKMARK [2][-]{subsection.3.26.2}{\376\377\0003\000.\0002\0006\000.\0002\000\040\000D\000o\000c\000u\000m\000e\000n\000t\000a\000t\000i\000o\000n\000\040\000d\000e\000s\000\040\000f\000o\000n\000c\000t\000i\000o\000n\000s\000\040\000m\000e\000m\000b\000r\000e\000s}{section.3.26}% 123
\BOOKMARK [3][-]{subsubsection.3.26.2.1}{\376\377\0003\000.\0002\0006\000.\0002\000.\0001\000\040\000a\000j\000o\000u\000t\000e\000r\000A\000r\000c\000\050\000\051}{subsection.3.26.2}% 124
\BOOKMARK [3][-]{subsubsection.3.26.2.2}{\376\377\0003\000.\0002\0006\000.\0002\000.\0002\000\040\000a\000j\000o\000u\000t\000e\000r\000N\000o\000e\000u\000d\000\050\000\051}{subsection.3.26.2}% 125
\BOOKMARK [3][-]{subsubsection.3.26.2.3}{\376\377\0003\000.\0002\0006\000.\0002\000.\0003\000\040\000c\000o\000n\000t\000i\000e\000n\000t\000C\000y\000c\000l\000e\000\050\000\051}{subsection.3.26.2}% 126
\BOOKMARK [3][-]{subsubsection.3.26.2.4}{\376\377\0003\000.\0002\0006\000.\0002\000.\0004\000\040\000e\000s\000t\000C\000o\000n\000n\000e\000x\000e\000\050\000\051}{subsection.3.26.2}% 127
\BOOKMARK [3][-]{subsubsection.3.26.2.5}{\376\377\0003\000.\0002\0006\000.\0002\000.\0005\000\040\000s\000u\000p\000p\000r\000i\000m\000e\000r\000A\000r\000c\000\050\000\051}{subsection.3.26.2}% 128
\BOOKMARK [3][-]{subsubsection.3.26.2.6}{\376\377\0003\000.\0002\0006\000.\0002\000.\0006\000\040\000s\000u\000p\000p\000r\000i\000m\000e\000r\000N\000o\000e\000u\000d\000\050\000\051}{subsection.3.26.2}% 129
\BOOKMARK [1][-]{section.3.27}{\376\377\0003\000.\0002\0007\000\040\000R\000\351\000f\000\351\000r\000e\000n\000c\000e\000\040\000d\000e\000\040\000l\000a\000\040\000c\000l\000a\000s\000s\000e\000\040\000M\000a\000t\000r\000i\000c\000e}{chapter.3}% 130
\BOOKMARK [2][-]{subsection.3.27.1}{\376\377\0003\000.\0002\0007\000.\0001\000\040\000D\000e\000s\000c\000r\000i\000p\000t\000i\000o\000n\000\040\000d\000\351\000t\000a\000i\000l\000l\000\351\000e}{section.3.27}% 131
\BOOKMARK [2][-]{subsection.3.27.2}{\376\377\0003\000.\0002\0007\000.\0002\000\040\000D\000o\000c\000u\000m\000e\000n\000t\000a\000t\000i\000o\000n\000\040\000d\000e\000s\000\040\000f\000o\000n\000c\000t\000i\000o\000n\000s\000\040\000m\000e\000m\000b\000r\000e\000s}{section.3.27}% 132
\BOOKMARK [3][-]{subsubsection.3.27.2.1}{\376\377\0003\000.\0002\0007\000.\0002\000.\0001\000\040\000p\000r\000o\000d\000u\000i\000t\000M\000a\000t\000r\000i\000c\000i\000e\000l\000\050\000\051}{subsection.3.27.2}% 133
\BOOKMARK [1][-]{section.3.28}{\376\377\0003\000.\0002\0008\000\040\000R\000\351\000f\000\351\000r\000e\000n\000c\000e\000\040\000d\000e\000\040\000l\000a\000\040\000c\000l\000a\000s\000s\000e\000\040\000M\000a\000x\000P\000o\000o\000l\000i\000n\000g}{chapter.3}% 134
\BOOKMARK [2][-]{subsection.3.28.1}{\376\377\0003\000.\0002\0008\000.\0001\000\040\000D\000e\000s\000c\000r\000i\000p\000t\000i\000o\000n\000\040\000d\000\351\000t\000a\000i\000l\000l\000\351\000e}{section.3.28}% 135
\BOOKMARK [2][-]{subsection.3.28.2}{\376\377\0003\000.\0002\0008\000.\0002\000\040\000D\000o\000c\000u\000m\000e\000n\000t\000a\000t\000i\000o\000n\000\040\000d\000e\000s\000\040\000f\000o\000n\000c\000t\000i\000o\000n\000s\000\040\000m\000e\000m\000b\000r\000e\000s}{section.3.28}% 136
\BOOKMARK [3][-]{subsubsection.3.28.2.1}{\376\377\0003\000.\0002\0008\000.\0002\000.\0001\000\040\000g\000e\000t\000P\000o\000o\000l\000X\000\050\000\051}{subsection.3.28.2}% 137
\BOOKMARK [3][-]{subsubsection.3.28.2.2}{\376\377\0003\000.\0002\0008\000.\0002\000.\0002\000\040\000g\000e\000t\000P\000o\000o\000l\000Y\000\050\000\051}{subsection.3.28.2}% 138
\BOOKMARK [3][-]{subsubsection.3.28.2.3}{\376\377\0003\000.\0002\0008\000.\0002\000.\0003\000\040\000p\000r\000o\000p\000a\000g\000a\000t\000i\000o\000n\000\050\000\051}{subsection.3.28.2}% 139
\BOOKMARK [3][-]{subsubsection.3.28.2.4}{\376\377\0003\000.\0002\0008\000.\0002\000.\0004\000\040\000s\000e\000t\000P\000o\000o\000l\000X\000\050\000\051}{subsection.3.28.2}% 140
\BOOKMARK [3][-]{subsubsection.3.28.2.5}{\376\377\0003\000.\0002\0008\000.\0002\000.\0005\000\040\000s\000e\000t\000P\000o\000o\000l\000Y\000\050\000\051}{subsection.3.28.2}% 141
\BOOKMARK [1][-]{section.3.29}{\376\377\0003\000.\0002\0009\000\040\000R\000\351\000f\000\351\000r\000e\000n\000c\000e\000\040\000d\000e\000\040\000l\000a\000\040\000c\000l\000a\000s\000s\000e\000\040\000N\000e\000u\000r\000o\000n\000e}{chapter.3}% 142
\BOOKMARK [2][-]{subsection.3.29.1}{\376\377\0003\000.\0002\0009\000.\0001\000\040\000D\000e\000s\000c\000r\000i\000p\000t\000i\000o\000n\000\040\000d\000\351\000t\000a\000i\000l\000l\000\351\000e}{section.3.29}% 143
\BOOKMARK [1][-]{section.3.30}{\376\377\0003\000.\0003\0000\000\040\000R\000\351\000f\000\351\000r\000e\000n\000c\000e\000\040\000d\000e\000\040\000l\000a\000\040\000c\000l\000a\000s\000s\000e\000\040\000O\000p\000t\000i\000m\000i\000s\000a\000t\000e\000u\000r}{chapter.3}% 144
\BOOKMARK [2][-]{subsection.3.30.1}{\376\377\0003\000.\0003\0000\000.\0001\000\040\000D\000e\000s\000c\000r\000i\000p\000t\000i\000o\000n\000\040\000d\000\351\000t\000a\000i\000l\000l\000\351\000e}{section.3.30}% 145
\BOOKMARK [1][-]{section.3.31}{\376\377\0003\000.\0003\0001\000\040\000R\000\351\000f\000\351\000r\000e\000n\000c\000e\000\040\000d\000e\000\040\000l\000a\000\040\000c\000l\000a\000s\000s\000e\000\040\000P\000a\000n\000n\000e\000a\000u}{chapter.3}% 146
\BOOKMARK [2][-]{subsection.3.31.1}{\376\377\0003\000.\0003\0001\000.\0001\000\040\000D\000e\000s\000c\000r\000i\000p\000t\000i\000o\000n\000\040\000d\000\351\000t\000a\000i\000l\000l\000\351\000e}{section.3.31}% 147
\BOOKMARK [2][-]{subsection.3.31.2}{\376\377\0003\000.\0003\0001\000.\0002\000\040\000D\000o\000c\000u\000m\000e\000n\000t\000a\000t\000i\000o\000n\000\040\000d\000e\000s\000\040\000f\000o\000n\000c\000t\000i\000o\000n\000s\000\040\000m\000e\000m\000b\000r\000e\000s}{section.3.31}% 148
\BOOKMARK [3][-]{subsubsection.3.31.2.1}{\376\377\0003\000.\0003\0001\000.\0002\000.\0001\000\040\000a\000f\000f\000i\000c\000h\000e\000r\000\050\000\051}{subsection.3.31.2}% 149
\BOOKMARK [3][-]{subsubsection.3.31.2.2}{\376\377\0003\000.\0003\0001\000.\0002\000.\0002\000\040\000B\000o\000i\000t\000e\000A\000r\000c\000h\000i\000t\000e\000c\000t\000u\000r\000e\000\050\000\051}{subsection.3.31.2}% 150
\BOOKMARK [3][-]{subsubsection.3.31.2.3}{\376\377\0003\000.\0003\0001\000.\0002\000.\0003\000\040\000g\000e\000t\000R\000e\000s\000e\000a\000u\000N\000e\000u\000r\000o\000n\000e\000s\000\050\000\051}{subsection.3.31.2}% 151
\BOOKMARK [1][-]{section.3.32}{\376\377\0003\000.\0003\0002\000\040\000R\000\351\000f\000\351\000r\000e\000n\000c\000e\000\040\000d\000e\000\040\000l\000a\000\040\000c\000l\000a\000s\000s\000e\000\040\000P\000a\000n\000n\000e\000a\000u\000A\000r\000c\000h\000i\000t\000e\000c\000t\000u\000r\000e}{chapter.3}% 152
\BOOKMARK [2][-]{subsection.3.32.1}{\376\377\0003\000.\0003\0002\000.\0001\000\040\000D\000e\000s\000c\000r\000i\000p\000t\000i\000o\000n\000\040\000d\000\351\000t\000a\000i\000l\000l\000\351\000e}{section.3.32}% 153
\BOOKMARK [1][-]{section.3.33}{\376\377\0003\000.\0003\0003\000\040\000R\000\351\000f\000\351\000r\000e\000n\000c\000e\000\040\000d\000e\000\040\000l\000a\000\040\000c\000l\000a\000s\000s\000e\000\040\000P\000a\000r\000a\000m\000e\000t\000r\000e\000s\000A\000p\000p\000r\000e\000n\000t\000i\000s\000s\000a\000g\000e}{chapter.3}% 154
\BOOKMARK [2][-]{subsection.3.33.1}{\376\377\0003\000.\0003\0003\000.\0001\000\040\000D\000e\000s\000c\000r\000i\000p\000t\000i\000o\000n\000\040\000d\000\351\000t\000a\000i\000l\000l\000\351\000e}{section.3.33}% 155
\BOOKMARK [2][-]{subsection.3.33.2}{\376\377\0003\000.\0003\0003\000.\0002\000\040\000D\000o\000c\000u\000m\000e\000n\000t\000a\000t\000i\000o\000n\000\040\000d\000e\000s\000\040\000f\000o\000n\000c\000t\000i\000o\000n\000s\000\040\000m\000e\000m\000b\000r\000e\000s}{section.3.33}% 156
\BOOKMARK [3][-]{subsubsection.3.33.2.1}{\376\377\0003\000.\0003\0003\000.\0002\000.\0001\000\040\000g\000e\000t\000N\000b\000E\000p\000o\000q\000u\000e\000s\000\050\000\051}{subsection.3.33.2}% 157
\BOOKMARK [3][-]{subsubsection.3.33.2.2}{\376\377\0003\000.\0003\0003\000.\0002\000.\0002\000\040\000g\000e\000t\000T\000a\000u\000x\000A\000p\000p\000r\000e\000n\000t\000i\000s\000s\000a\000g\000e\000\050\000\051}{subsection.3.33.2}% 158
\BOOKMARK [3][-]{subsubsection.3.33.2.3}{\376\377\0003\000.\0003\0003\000.\0002\000.\0003\000\040\000s\000e\000t\000N\000b\000E\000p\000o\000q\000u\000e\000s\000\050\000\051}{subsection.3.33.2}% 159
\BOOKMARK [3][-]{subsubsection.3.33.2.4}{\376\377\0003\000.\0003\0003\000.\0002\000.\0004\000\040\000s\000e\000t\000T\000a\000u\000x\000A\000p\000p\000r\000e\000n\000t\000i\000s\000s\000a\000g\000e\000\050\000\051}{subsection.3.33.2}% 160
\BOOKMARK [1][-]{section.3.34}{\376\377\0003\000.\0003\0004\000\040\000R\000\351\000f\000\351\000r\000e\000n\000c\000e\000\040\000d\000e\000\040\000l\000a\000\040\000c\000l\000a\000s\000s\000e\000\040\000P\000r\000e\000t\000r\000a\000i\000t\000e\000m\000e\000n\000t}{chapter.3}% 161
\BOOKMARK [2][-]{subsection.3.34.1}{\376\377\0003\000.\0003\0004\000.\0001\000\040\000D\000e\000s\000c\000r\000i\000p\000t\000i\000o\000n\000\040\000d\000\351\000t\000a\000i\000l\000l\000\351\000e}{section.3.34}% 162
\BOOKMARK [2][-]{subsection.3.34.2}{\376\377\0003\000.\0003\0004\000.\0002\000\040\000D\000o\000c\000u\000m\000e\000n\000t\000a\000t\000i\000o\000n\000\040\000d\000e\000s\000\040\000f\000o\000n\000c\000t\000i\000o\000n\000s\000\040\000m\000e\000m\000b\000r\000e\000s}{section.3.34}% 163
\BOOKMARK [3][-]{subsubsection.3.34.2.1}{\376\377\0003\000.\0003\0004\000.\0002\000.\0001\000\040\000c\000h\000a\000r\000g\000e\000r\000D\000o\000n\000n\000e\000e\000s\000\050\000\051}{subsection.3.34.2}% 164
\BOOKMARK [3][-]{subsubsection.3.34.2.2}{\376\377\0003\000.\0003\0004\000.\0002\000.\0002\000\040\000c\000h\000a\000r\000g\000e\000r\000R\000N\000\050\000\051}{subsection.3.34.2}% 165
\BOOKMARK [3][-]{subsubsection.3.34.2.3}{\376\377\0003\000.\0003\0004\000.\0002\000.\0003\000\040\000c\000s\000v\000T\000o\000T\000e\000n\000s\000e\000u\000r\000\050\000\051}{subsection.3.34.2}% 166
\BOOKMARK [3][-]{subsubsection.3.34.2.4}{\376\377\0003\000.\0003\0004\000.\0002\000.\0004\000\040\000d\000e\000n\000o\000r\000m\000a\000l\000i\000s\000e\000r\000\050\000\051}{subsection.3.34.2}% 167
\BOOKMARK [3][-]{subsubsection.3.34.2.5}{\376\377\0003\000.\0003\0004\000.\0002\000.\0005\000\040\000i\000m\000a\000g\000e\000T\000o\000T\000e\000n\000s\000e\000u\000r\000\050\000\051}{subsection.3.34.2}% 168
\BOOKMARK [3][-]{subsubsection.3.34.2.6}{\376\377\0003\000.\0003\0004\000.\0002\000.\0006\000\040\000n\000o\000r\000m\000a\000l\000i\000s\000e\000r\000\050\000\051}{subsection.3.34.2}% 169
\BOOKMARK [1][-]{section.3.35}{\376\377\0003\000.\0003\0005\000\040\000R\000\351\000f\000\351\000r\000e\000n\000c\000e\000\040\000d\000e\000\040\000l\000a\000\040\000c\000l\000a\000s\000s\000e\000\040\000R\000e\000L\000U}{chapter.3}% 170
\BOOKMARK [2][-]{subsection.3.35.1}{\376\377\0003\000.\0003\0005\000.\0001\000\040\000D\000e\000s\000c\000r\000i\000p\000t\000i\000o\000n\000\040\000d\000\351\000t\000a\000i\000l\000l\000\351\000e}{section.3.35}% 171
\BOOKMARK [2][-]{subsection.3.35.2}{\376\377\0003\000.\0003\0005\000.\0002\000\040\000D\000o\000c\000u\000m\000e\000n\000t\000a\000t\000i\000o\000n\000\040\000d\000e\000s\000\040\000f\000o\000n\000c\000t\000i\000o\000n\000s\000\040\000m\000e\000m\000b\000r\000e\000s}{section.3.35}% 172
\BOOKMARK [3][-]{subsubsection.3.35.2.1}{\376\377\0003\000.\0003\0005\000.\0002\000.\0001\000\040\000p\000r\000o\000p\000a\000g\000a\000t\000i\000o\000n\000\050\000\051}{subsection.3.35.2}% 173
\BOOKMARK [1][-]{section.3.36}{\376\377\0003\000.\0003\0006\000\040\000R\000\351\000f\000\351\000r\000e\000n\000c\000e\000\040\000d\000e\000\040\000l\000a\000\040\000c\000l\000a\000s\000s\000e\000\040\000R\000e\000s\000e\000a\000u\000N\000e\000u\000r\000o\000n\000e\000s}{chapter.3}% 174
\BOOKMARK [2][-]{subsection.3.36.1}{\376\377\0003\000.\0003\0006\000.\0001\000\040\000D\000e\000s\000c\000r\000i\000p\000t\000i\000o\000n\000\040\000d\000\351\000t\000a\000i\000l\000l\000\351\000e}{section.3.36}% 175
\BOOKMARK [2][-]{subsection.3.36.2}{\376\377\0003\000.\0003\0006\000.\0002\000\040\000D\000o\000c\000u\000m\000e\000n\000t\000a\000t\000i\000o\000n\000\040\000d\000e\000s\000\040\000f\000o\000n\000c\000t\000i\000o\000n\000s\000\040\000m\000e\000m\000b\000r\000e\000s}{section.3.36}% 176
\BOOKMARK [3][-]{subsubsection.3.36.2.1}{\376\377\0003\000.\0003\0006\000.\0002\000.\0001\000\040\000a\000j\000o\000u\000t\000e\000r\000C\000o\000u\000c\000h\000e\000F\000i\000n\000a\000l\000e\000\050\000\051}{subsection.3.36.2}% 177
\BOOKMARK [3][-]{subsubsection.3.36.2.2}{\376\377\0003\000.\0003\0006\000.\0002\000.\0002\000\040\000a\000j\000o\000u\000t\000e\000r\000C\000o\000u\000c\000h\000e\000I\000n\000i\000t\000i\000a\000l\000e\000\050\000\051}{subsection.3.36.2}% 178
\BOOKMARK [3][-]{subsubsection.3.36.2.3}{\376\377\0003\000.\0003\0006\000.\0002\000.\0003\000\040\000g\000e\000t\000N\000o\000m\000\050\000\051}{subsection.3.36.2}% 179
\BOOKMARK [3][-]{subsubsection.3.36.2.4}{\376\377\0003\000.\0003\0006\000.\0002\000.\0004\000\040\000p\000r\000o\000p\000a\000g\000a\000t\000i\000o\000n\000\050\000\051}{subsection.3.36.2}% 180
\BOOKMARK [3][-]{subsubsection.3.36.2.5}{\376\377\0003\000.\0003\0006\000.\0002\000.\0005\000\040\000s\000u\000p\000p\000r\000i\000m\000e\000r\000C\000o\000u\000c\000h\000e\000F\000i\000n\000a\000l\000e\000\050\000\051}{subsection.3.36.2}% 181
\BOOKMARK [3][-]{subsubsection.3.36.2.6}{\376\377\0003\000.\0003\0006\000.\0002\000.\0006\000\040\000s\000u\000p\000p\000r\000i\000m\000e\000r\000C\000o\000u\000c\000h\000e\000I\000n\000i\000t\000i\000a\000l\000e\000\050\000\051}{subsection.3.36.2}% 182
\BOOKMARK [1][-]{section.3.37}{\376\377\0003\000.\0003\0007\000\040\000R\000\351\000f\000\351\000r\000e\000n\000c\000e\000\040\000d\000e\000\040\000l\000a\000\040\000c\000l\000a\000s\000s\000e\000\040\000S\000i\000g\000m\000o\000i\000d}{chapter.3}% 183
\BOOKMARK [2][-]{subsection.3.37.1}{\376\377\0003\000.\0003\0007\000.\0001\000\040\000D\000e\000s\000c\000r\000i\000p\000t\000i\000o\000n\000\040\000d\000\351\000t\000a\000i\000l\000l\000\351\000e}{section.3.37}% 184
\BOOKMARK [2][-]{subsection.3.37.2}{\376\377\0003\000.\0003\0007\000.\0002\000\040\000D\000o\000c\000u\000m\000e\000n\000t\000a\000t\000i\000o\000n\000\040\000d\000e\000s\000\040\000f\000o\000n\000c\000t\000i\000o\000n\000s\000\040\000m\000e\000m\000b\000r\000e\000s}{section.3.37}% 185
\BOOKMARK [3][-]{subsubsection.3.37.2.1}{\376\377\0003\000.\0003\0007\000.\0002\000.\0001\000\040\000p\000r\000o\000p\000a\000g\000a\000t\000i\000o\000n\000\050\000\051}{subsection.3.37.2}% 186
\BOOKMARK [1][-]{section.3.38}{\376\377\0003\000.\0003\0008\000\040\000R\000\351\000f\000\351\000r\000e\000n\000c\000e\000\040\000d\000e\000\040\000l\000a\000\040\000c\000l\000a\000s\000s\000e\000\040\000T\000a\000n\000H}{chapter.3}% 187
\BOOKMARK [2][-]{subsection.3.38.1}{\376\377\0003\000.\0003\0008\000.\0001\000\040\000D\000e\000s\000c\000r\000i\000p\000t\000i\000o\000n\000\040\000d\000\351\000t\000a\000i\000l\000l\000\351\000e}{section.3.38}% 188
\BOOKMARK [2][-]{subsection.3.38.2}{\376\377\0003\000.\0003\0008\000.\0002\000\040\000D\000o\000c\000u\000m\000e\000n\000t\000a\000t\000i\000o\000n\000\040\000d\000e\000s\000\040\000f\000o\000n\000c\000t\000i\000o\000n\000s\000\040\000m\000e\000m\000b\000r\000e\000s}{section.3.38}% 189
\BOOKMARK [3][-]{subsubsection.3.38.2.1}{\376\377\0003\000.\0003\0008\000.\0002\000.\0001\000\040\000p\000r\000o\000p\000a\000g\000a\000t\000i\000o\000n\000\050\000\051}{subsection.3.38.2}% 190
\BOOKMARK [1][-]{section.3.39}{\376\377\0003\000.\0003\0009\000\040\000R\000\351\000f\000\351\000r\000e\000n\000c\000e\000\040\000d\000e\000\040\000l\000a\000\040\000c\000l\000a\000s\000s\000e\000\040\000T\000e\000n\000s\000e\000u\000r}{chapter.3}% 191
\BOOKMARK [2][-]{subsection.3.39.1}{\376\377\0003\000.\0003\0009\000.\0001\000\040\000D\000e\000s\000c\000r\000i\000p\000t\000i\000o\000n\000\040\000d\000\351\000t\000a\000i\000l\000l\000\351\000e}{section.3.39}% 192
\BOOKMARK [2][-]{subsection.3.39.2}{\376\377\0003\000.\0003\0009\000.\0002\000\040\000D\000o\000c\000u\000m\000e\000n\000t\000a\000t\000i\000o\000n\000\040\000d\000e\000s\000\040\000c\000o\000n\000s\000t\000r\000u\000c\000t\000e\000u\000r\000s\000\040\000e\000t\000\040\000d\000e\000s\000t\000r\000u\000c\000t\000e\000u\000r}{section.3.39}% 193
\BOOKMARK [3][-]{subsubsection.3.39.2.1}{\376\377\0003\000.\0003\0009\000.\0002\000.\0001\000\040\000T\000e\000n\000s\000e\000u\000r\000\050\000\051}{subsection.3.39.2}% 194
\BOOKMARK [2][-]{subsection.3.39.3}{\376\377\0003\000.\0003\0009\000.\0003\000\040\000D\000o\000c\000u\000m\000e\000n\000t\000a\000t\000i\000o\000n\000\040\000d\000e\000s\000\040\000f\000o\000n\000c\000t\000i\000o\000n\000s\000\040\000m\000e\000m\000b\000r\000e\000s}{section.3.39}% 195
\BOOKMARK [3][-]{subsubsection.3.39.3.1}{\376\377\0003\000.\0003\0009\000.\0003\000.\0001\000\040\000g\000e\000t\000D\000i\000m\000\050\000\051}{subsection.3.39.3}% 196
\BOOKMARK [3][-]{subsubsection.3.39.3.2}{\376\377\0003\000.\0003\0009\000.\0003\000.\0002\000\040\000g\000e\000t\000V\000a\000l\000e\000u\000r\000\050\000\051}{subsection.3.39.3}% 197
\BOOKMARK [3][-]{subsubsection.3.39.3.3}{\376\377\0003\000.\0003\0009\000.\0003\000.\0003\000\040\000p\000r\000o\000d\000u\000i\000t\000T\000e\000r\000m\000e\000A\000T\000e\000r\000m\000e\000\050\000\051}{subsection.3.39.3}% 198
\BOOKMARK [3][-]{subsubsection.3.39.3.4}{\376\377\0003\000.\0003\0009\000.\0003\000.\0004\000\040\000s\000e\000t\000D\000i\000m\000\050\000\051}{subsection.3.39.3}% 199
\BOOKMARK [3][-]{subsubsection.3.39.3.5}{\376\377\0003\000.\0003\0009\000.\0003\000.\0005\000\040\000s\000e\000t\000V\000a\000l\000e\000u\000r\000\050\000\051}{subsection.3.39.3}% 200
\BOOKMARK [1][-]{section.3.40}{\376\377\0003\000.\0004\0000\000\040\000R\000\351\000f\000\351\000r\000e\000n\000c\000e\000\040\000d\000e\000\040\000l\000a\000\040\000c\000l\000a\000s\000s\000e\000\040\000T\000e\000s\000t\000C\000o\000u\000c\000h\000e}{chapter.3}% 201
\BOOKMARK [2][-]{subsection.3.40.1}{\376\377\0003\000.\0004\0000\000.\0001\000\040\000D\000e\000s\000c\000r\000i\000p\000t\000i\000o\000n\000\040\000d\000\351\000t\000a\000i\000l\000l\000\351\000e}{section.3.40}% 202
\BOOKMARK [1][-]{section.3.41}{\376\377\0003\000.\0004\0001\000\040\000R\000\351\000f\000\351\000r\000e\000n\000c\000e\000\040\000d\000e\000\040\000l\000a\000\040\000c\000l\000a\000s\000s\000e\000\040\000T\000e\000s\000t\000D\000o\000n\000n\000e\000e\000s}{chapter.3}% 203
\BOOKMARK [2][-]{subsection.3.41.1}{\376\377\0003\000.\0004\0001\000.\0001\000\040\000D\000e\000s\000c\000r\000i\000p\000t\000i\000o\000n\000\040\000d\000\351\000t\000a\000i\000l\000l\000\351\000e}{section.3.41}% 204
\BOOKMARK [1][-]{section.3.42}{\376\377\0003\000.\0004\0002\000\040\000R\000\351\000f\000\351\000r\000e\000n\000c\000e\000\040\000d\000e\000\040\000l\000a\000\040\000c\000l\000a\000s\000s\000e\000\040\000T\000e\000s\000t\000G\000r\000a\000p\000h\000e}{chapter.3}% 205
\BOOKMARK [2][-]{subsection.3.42.1}{\376\377\0003\000.\0004\0002\000.\0001\000\040\000D\000e\000s\000c\000r\000i\000p\000t\000i\000o\000n\000\040\000d\000\351\000t\000a\000i\000l\000l\000\351\000e}{section.3.42}% 206
\BOOKMARK [1][-]{section.3.43}{\376\377\0003\000.\0004\0003\000\040\000R\000\351\000f\000\351\000r\000e\000n\000c\000e\000\040\000d\000e\000\040\000l\000a\000\040\000c\000l\000a\000s\000s\000e\000\040\000T\000e\000s\000t\000R\000e\000s\000e\000a\000u\000N\000e\000u\000r\000o\000n\000e\000s}{chapter.3}% 207
\BOOKMARK [2][-]{subsection.3.43.1}{\376\377\0003\000.\0004\0003\000.\0001\000\040\000D\000e\000s\000c\000r\000i\000p\000t\000i\000o\000n\000\040\000d\000\351\000t\000a\000i\000l\000l\000\351\000e}{section.3.43}% 208
\BOOKMARK [1][-]{section.3.44}{\376\377\0003\000.\0004\0004\000\040\000R\000\351\000f\000\351\000r\000e\000n\000c\000e\000\040\000d\000e\000\040\000l\000a\000\040\000c\000l\000a\000s\000s\000e\000\040\000T\000e\000s\000t\000T\000e\000n\000s\000e\000u\000r}{chapter.3}% 209
\BOOKMARK [2][-]{subsection.3.44.1}{\376\377\0003\000.\0004\0004\000.\0001\000\040\000D\000e\000s\000c\000r\000i\000p\000t\000i\000o\000n\000\040\000d\000\351\000t\000a\000i\000l\000l\000\351\000e}{section.3.44}% 210
\BOOKMARK [1][-]{section.3.45}{\376\377\0003\000.\0004\0005\000\040\000R\000\351\000f\000\351\000r\000e\000n\000c\000e\000\040\000d\000e\000\040\000l\000a\000\040\000c\000l\000a\000s\000s\000e\000\040\000V\000e\000c\000t\000e\000u\000r}{chapter.3}% 211
\BOOKMARK [2][-]{subsection.3.45.1}{\376\377\0003\000.\0004\0005\000.\0001\000\040\000D\000e\000s\000c\000r\000i\000p\000t\000i\000o\000n\000\040\000d\000\351\000t\000a\000i\000l\000l\000\351\000e}{section.3.45}% 212
\BOOKMARK [2][-]{subsection.3.45.2}{\376\377\0003\000.\0004\0005\000.\0002\000\040\000D\000o\000c\000u\000m\000e\000n\000t\000a\000t\000i\000o\000n\000\040\000d\000e\000s\000\040\000f\000o\000n\000c\000t\000i\000o\000n\000s\000\040\000m\000e\000m\000b\000r\000e\000s}{section.3.45}% 213
\BOOKMARK [3][-]{subsubsection.3.45.2.1}{\376\377\0003\000.\0004\0005\000.\0002\000.\0001\000\040\000p\000r\000o\000d\000u\000i\000t\000S\000c\000a\000l\000a\000i\000r\000e\000\050\000\051}{subsection.3.45.2}% 214
\BOOKMARK [0][-]{section*.109}{\376\377\000I\000n\000d\000e\000x}{}% 215
